<?xml version="1.0" encoding="UTF-8"?>
<!-- Generated by org.testng.reporters.JUnitReportReporter -->
<testsuite hostname="MYPC" failures="0" tests="1" name="com.sauceDemo.TestPackage.tc02Homepagefunctionality" time="22.274" errors="0" timestamp="2023-01-08T15:13:50 IST" skipped="0">
  <testcase classname="com.sauceDemo.TestPackage.tc02Homepagefunctionality" name="Homepage" time="22.274"/>
  <system-out/>
</testsuite> <!-- com.sauceDemo.TestPackage.tc02Homepagefunctionality -->
