<?xml version="1.0" encoding="UTF-8"?>
<!-- Generated by org.testng.reporters.JUnitReportReporter -->
<testsuite hostname="MYPC" failures="0" tests="1" name="com.Demo.TestPackage.tc01_loginbutton_Functionality" time="47.718" errors="0" timestamp="2023-02-22T15:44:49 IST" skipped="0">
  <testcase classname="com.Demo.TestPackage.tc01_loginbutton_Functionality" name="Verifylogin" time="47.718"/>
  <system-out/>
</testsuite> <!-- com.Demo.TestPackage.tc01_loginbutton_Functionality -->
