<?xml version="1.0" encoding="UTF-8"?>
<!-- Generated by org.testng.reporters.JUnitReportReporter -->
<testsuite hostname="MYPC" failures="0" tests="1" name="com.Demo.TestPackage.tc02Homepagefunctionality" time="14.285" errors="0" timestamp="2023-02-22T15:53:23 IST" skipped="0">
  <testcase classname="com.Demo.TestPackage.tc02Homepagefunctionality" name="Homepage" time="14.285"/>
  <system-out/>
</testsuite> <!-- com.Demo.TestPackage.tc02Homepagefunctionality -->
