<?xml version="1.0" encoding="UTF-8"?>
<!-- Generated by org.testng.reporters.JUnitReportReporter -->
<testsuite hostname="MYPC" failures="0" tests="1" name="com.sauceDemo.TestPackage.tc03AddToCart" time="13.705" errors="0" timestamp="2022-11-05T23:42:15 IST" skipped="0">
  <testcase classname="com.sauceDemo.TestPackage.tc03AddToCart" name="AddToCartMethod" time="13.705"/>
  <system-out/>
</testsuite> <!-- com.sauceDemo.TestPackage.tc03AddToCart -->
